<?xml version="1.0" encoding="UTF-8"?>
<!-- Generated by org.testng.reporters.JUnitXMLReporter -->
<testsuite hostname="burningzhan-PC0" name="Default test" tests="6" failures="0" timestamp="27 Jul 2017 03:39:18 GMT" time="1.066" errors="0">
  <testcase name="test256KFile" time="0.68" classname="com.qcloud.test.cos_v5.TestFile"/>
  <testcase name="test256KFile" time="0.694" classname="com.qcloud.test.cos_v5.TestFile"/>
  <testcase name="test256KFile" time="0.698" classname="com.qcloud.test.cos_v5.TestFile"/>
  <testcase name="test256KFile" time="0.295" classname="com.qcloud.test.cos_v5.TestFile"/>
  <testcase name="test256KFile" time="0.357" classname="com.qcloud.test.cos_v5.TestFile"/>
  <testcase name="test256KFile" time="0.355" classname="com.qcloud.test.cos_v5.TestFile"/>
</testsuite> <!-- Default test -->
