<?xml version="1.0" encoding="UTF-8"?>
<testng-results skipped="0" failed="0" total="6" passed="6">
  <reporter-output>
  </reporter-output>
  <suite name="Default suite" duration-ms="1066" started-at="2017-07-27T03:39:17Z" finished-at="2017-07-27T03:39:18Z">
    <groups>
    </groups>
    <test name="Default test" duration-ms="1066" started-at="2017-07-27T03:39:17Z" finished-at="2017-07-27T03:39:18Z">
      <class name="com.qcloud.test.cos_v5.TestFile">
        <test-method status="PASS" signature="test256KFile()[pri:0, instance:com.qcloud.test.cos_v5.TestFile@32d992b2]" name="test256KFile" duration-ms="694" started-at="2017-07-27T11:39:17Z" finished-at="2017-07-27T11:39:18Z">
          <reporter-output>
          </reporter-output>
        </test-method> <!-- test256KFile -->
        <test-method status="PASS" signature="test256KFile()[pri:0, instance:com.qcloud.test.cos_v5.TestFile@32d992b2]" name="test256KFile" duration-ms="698" started-at="2017-07-27T11:39:17Z" finished-at="2017-07-27T11:39:18Z">
          <reporter-output>
          </reporter-output>
        </test-method> <!-- test256KFile -->
        <test-method status="PASS" signature="test256KFile()[pri:0, instance:com.qcloud.test.cos_v5.TestFile@32d992b2]" name="test256KFile" duration-ms="680" started-at="2017-07-27T11:39:17Z" finished-at="2017-07-27T11:39:18Z">
          <reporter-output>
          </reporter-output>
        </test-method> <!-- test256KFile -->
        <test-method status="PASS" signature="test256KFile()[pri:0, instance:com.qcloud.test.cos_v5.TestFile@32d992b2]" name="test256KFile" duration-ms="295" started-at="2017-07-27T11:39:18Z" finished-at="2017-07-27T11:39:18Z">
          <reporter-output>
          </reporter-output>
        </test-method> <!-- test256KFile -->
        <test-method status="PASS" signature="test256KFile()[pri:0, instance:com.qcloud.test.cos_v5.TestFile@32d992b2]" name="test256KFile" duration-ms="357" started-at="2017-07-27T11:39:18Z" finished-at="2017-07-27T11:39:18Z">
          <reporter-output>
          </reporter-output>
        </test-method> <!-- test256KFile -->
        <test-method status="PASS" signature="test256KFile()[pri:0, instance:com.qcloud.test.cos_v5.TestFile@32d992b2]" name="test256KFile" duration-ms="355" started-at="2017-07-27T11:39:18Z" finished-at="2017-07-27T11:39:18Z">
          <reporter-output>
          </reporter-output>
        </test-method> <!-- test256KFile -->
      </class> <!-- com.qcloud.test.cos_v5.TestFile -->
    </test> <!-- Default test -->
  </suite> <!-- Default suite -->
</testng-results>
